extraCredit: 0
fatalError: false
maxExtraCredit: 0
maxTotalPoints: 0
messages: []
mode: auto
parts:
- description: Tests minimax for timeout on smallClassic.
  extraCredit: false
  maxPoints: 0
  maxSeconds: 10
  messages: []
  name: 1a-1-basic
  points: 0
  seconds: 0
- description: Tests minimax
  extraCredit: false
  maxPoints: 2
  maxSeconds: 10
  messages: []
  name: 1a-2-hidden
  points: 0
  seconds: 0
- description: Tests expectimax for timeout on smallClassic.
  extraCredit: false
  maxPoints: 0
  maxSeconds: 10
  messages: []
  name: 2a-1-basic
  points: 0
  seconds: 0
- description: Tests expectimax
  extraCredit: false
  maxPoints: 2
  maxSeconds: 10
  messages: []
  name: 2a-2-hidden
  points: 0
  seconds: 0
- description: Tests biased-expectimax for timeout on smallClassic.
  extraCredit: false
  maxPoints: 0
  maxSeconds: 10
  messages: []
  name: 3a-1-basic
  points: 0
  seconds: 0
- description: Tests biased-expectimax
  extraCredit: false
  maxPoints: 6
  maxSeconds: 10
  messages: []
  name: 3a-2-hidden
  points: 0
  seconds: 0
- description: Tests expectiminimax for timeout on smallClassic.
  extraCredit: false
  maxPoints: 0
  maxSeconds: 10
  messages: []
  name: 4a-1-basic
  points: 0
  seconds: 0
- description: Tests expectiminimax
  extraCredit: false
  maxPoints: 4
  maxSeconds: 10
  messages: []
  name: 4a-2-hidden
  points: 0
  seconds: 0
- description: Tests alphabeta for timeout on smallClassic.
  extraCredit: false
  maxPoints: 0
  maxSeconds: 5
  messages: []
  name: 5a-1-basic
  points: 0
  seconds: 0
- description: Tests alphabeta
  extraCredit: false
  maxPoints: 8
  maxSeconds: 10
  messages: []
  name: 5a-2-hidden
  points: 0
  seconds: 0
- description: No grading
  extraCredit: false
  maxPoints: 0
  maxSeconds: 300
  messages:
  - 'Exception thrown: <class ''NotImplementedError''> -- '
  - "  File \"C:\\Users\\82103\\Desktop\\CSED342\\CSED342\\HW5\\grader.py\", line\
    \ 194, in <lambda>\n    grader.addHiddenPart('6a-no-grading', lambda : testq6(0),\
    \ 0, maxSeconds=300, description='No grading')\n"
  - "  File \"C:\\Users\\82103\\Desktop\\CSED342\\CSED342\\HW5\\grader.py\", line\
    \ 182, in testq6\n    timeouts, wins, averageScore = runq6()\n"
  - "  File \"C:\\Users\\82103\\Desktop\\CSED342\\CSED342\\HW5\\grader.py\", line\
    \ 162, in runq6\n    agent = submission.choiceAgent()\n"
  - "  File \"C:\\Users\\82103\\Desktop\\CSED342\\CSED342\\HW5\\submission.py\", line\
    \ 644, in choiceAgent\n    raise NotImplementedError  # remove this line before\
    \ writing code\n"
  name: 6a-no-grading
  points: 0
  seconds: 0
- description: Check if score at least 1000 on smallClassic.
  extraCredit: false
  maxPoints: 1
  maxSeconds: 5
  messages:
  - Agent timed out on smallClassic with betterEvaluationFunction. No autograder feedback
    will be provided.
  name: 6a-1-hidden
  points: 0
  seconds: 0
- description: Check if score at least 1200 on smallClassic.
  extraCredit: false
  maxPoints: 2
  maxSeconds: 5
  messages:
  - Agent timed out on smallClassic with betterEvaluationFunction. No autograder feedback
    will be provided.
  name: 6a-2-hidden
  points: 0
  seconds: 0
- description: Check if score at least 1400 on smallClassic.
  extraCredit: false
  maxPoints: 2
  maxSeconds: 5
  messages:
  - Agent timed out on smallClassic with betterEvaluationFunction. No autograder feedback
    will be provided.
  name: 6a-3-hidden
  points: 0
  seconds: 0
- description: Check if score at least 1500 on smallClassic.
  extraCredit: false
  maxPoints: 3
  maxSeconds: 5
  messages:
  - Agent timed out on smallClassic with betterEvaluationFunction. No autograder feedback
    will be provided.
  name: 6a-4-hidden
  points: 0
  seconds: 0
totalPoints: 0
